d:\got\documents\code\cours\opengl\openglprojet\openglprojet\x64\debug\vc141.pdb
d:\got\documents\code\cours\opengl\openglprojet\openglprojet\x64\debug\vc141.idb
d:\got\documents\code\cours\opengl\openglprojet\openglprojet\x64\debug\openglprojet.obj
d:\got\documents\code\cours\opengl\openglprojet\openglprojet\x64\debug\openglprojet.obj.enc
d:\got\documents\code\cours\opengl\openglprojet\x64\debug\openglprojet.pdb
d:\got\documents\code\cours\opengl\openglprojet\openglprojet\x64\debug\openglprojet.tlog\cl.command.1.tlog
d:\got\documents\code\cours\opengl\openglprojet\openglprojet\x64\debug\openglprojet.tlog\cl.read.1.tlog
d:\got\documents\code\cours\opengl\openglprojet\openglprojet\x64\debug\openglprojet.tlog\cl.write.1.tlog
d:\got\documents\code\cours\opengl\openglprojet\openglprojet\x64\debug\openglprojet.tlog\link-cvtres.read.1.tlog
d:\got\documents\code\cours\opengl\openglprojet\openglprojet\x64\debug\openglprojet.tlog\link-cvtres.write.1.tlog
d:\got\documents\code\cours\opengl\openglprojet\openglprojet\x64\debug\openglprojet.tlog\link-rc.read.1.tlog
d:\got\documents\code\cours\opengl\openglprojet\openglprojet\x64\debug\openglprojet.tlog\link-rc.write.1.tlog
d:\got\documents\code\cours\opengl\openglprojet\openglprojet\x64\debug\openglprojet.tlog\link.18316-cvtres.read.1.tlog
d:\got\documents\code\cours\opengl\openglprojet\openglprojet\x64\debug\openglprojet.tlog\link.18316-cvtres.write.1.tlog
d:\got\documents\code\cours\opengl\openglprojet\openglprojet\x64\debug\openglprojet.tlog\link.18316-rc.read.1.tlog
d:\got\documents\code\cours\opengl\openglprojet\openglprojet\x64\debug\openglprojet.tlog\link.18316-rc.write.1.tlog
d:\got\documents\code\cours\opengl\openglprojet\openglprojet\x64\debug\openglprojet.tlog\link.18316.read.1.tlog
d:\got\documents\code\cours\opengl\openglprojet\openglprojet\x64\debug\openglprojet.tlog\link.18316.write.1.tlog
d:\got\documents\code\cours\opengl\openglprojet\openglprojet\x64\debug\openglprojet.tlog\link.command.1.tlog
d:\got\documents\code\cours\opengl\openglprojet\openglprojet\x64\debug\openglprojet.tlog\link.read.1.tlog
d:\got\documents\code\cours\opengl\openglprojet\openglprojet\x64\debug\openglprojet.tlog\link.write.1.tlog
