C:\Program Files (x86)\Microsoft Visual Studio\2017\Community\Common7\IDE\VC\VCTargets\Microsoft.CppBuild.targets(391,5): warning MSB8028: Le répertoire intermédiaire (x64\Debug\) contient des fichiers partagés provenant d'un autre projet (Matrices.vcxproj, PremierShader.vcxproj, Rose.vcxproj, Rotation.vcxproj). Cela peut entraîner un comportement de nettoyage et de régénération incorrect.
  ObjImporter.cpp
c:\users\antoi\desktop\quaternion\openglmaths\openglmaths\vec3.h(136): warning C4244: 'return' : conversion de 'double' en 'float', perte possible de données
c:\users\antoi\desktop\quaternion\openglmaths\openglmaths\vec2.h(106): warning C4244: 'return' : conversion de 'double' en 'float', perte possible de données
c:\users\antoi\desktop\quaternion\openglmaths\openglmaths\objimporter.cpp(17): warning C4101: 'read' : variable locale non référencée
c:\users\antoi\desktop\quaternion\openglmaths\openglmaths\objimporter.cpp(104): warning C4715: 'loadObj' : les chemins de contrôle ne retournent pas tous une valeur
LINK : warning LNK4098: conflit entre la bibliothÞque par dÚfaut 'LIBCMT' et les autres bibliothÞquesá; utilisez /NODEFAULTLIB:library
GLShader.obj : warning LNK4049: symbole dÚfini localement __glewAttachShader importÚ
GLShader.obj : warning LNK4049: symbole dÚfini localement __glewCompileShader importÚ
GLShader.obj : warning LNK4049: symbole dÚfini localement __glewCreateProgram importÚ
GLShader.obj : warning LNK4049: symbole dÚfini localement __glewCreateShader importÚ
GLShader.obj : warning LNK4049: symbole dÚfini localement __glewDeleteProgram importÚ
GLShader.obj : warning LNK4049: symbole dÚfini localement __glewDeleteShader importÚ
GLShader.obj : warning LNK4049: symbole dÚfini localement __glewGetProgramInfoLog importÚ
GLShader.obj : warning LNK4049: symbole dÚfini localement __glewGetProgramiv importÚ
GLShader.obj : warning LNK4049: symbole dÚfini localement __glewGetShaderInfoLog importÚ
GLShader.obj : warning LNK4049: symbole dÚfini localement __glewGetShaderiv importÚ
GLShader.obj : warning LNK4049: symbole dÚfini localement __glewLinkProgram importÚ
GLShader.obj : warning LNK4049: symbole dÚfini localement __glewShaderSource importÚ
glew32s.lib(glew.obj) : warning LNK4099: PDB 'vc120.pdb' n'a pu Ûtre trouvÚ avec 'glew32s.lib(glew.obj)' ou sur 'C:\Users\antoi\Desktop\Quaternion\OpenGLMaths\x64\Debug\vc120.pdb'á; l'objet sera liÚ sans informations de dÚbogage
  OpenGLMaths.vcxproj -> C:\Users\antoi\Desktop\Quaternion\OpenGLMaths\x64\Debug\OpenGLMaths.exe
